<?xml version="1.0" encoding="UTF-8"?>
<testsuite name="Playwright E2E" tests="1" skipped="0" failures="0" errors="0" timestamp="2026-02-07T16:40:03.619Z" hostname="bodos-16z" time="3.26">
  <properties/>
  <testcase name="full flow: create poll, admin edit, participant vote" classname="io.github.bodote.woodle.PollE2EIT" time="3.26"/>
  <system-out><![CDATA[2026-02-07T17:40:02.847+01:00  INFO 59749 --- [    Test worker] t.c.s.AnnotationConfigContextLoaderUtils : Could not detect default configuration classes for test class [io.github.bodote.woodle.PollE2EIT]: PollE2EIT does not declare any static, non-private, non-final, nested classes annotated with @Configuration.
2026-02-07T17:40:02.849+01:00  INFO 59749 --- [    Test worker] .b.t.c.SpringBootTestContextBootstrapper : Found @SpringBootConfiguration io.github.bodote.woodle.WoodleApplication for test class io.github.bodote.woodle.PollE2EIT

  .   ____          _            __ _ _
 /\\ / ___'_ __ _ _(_)_ __  __ _ \ \ \ \
( ( )\___ | '_ | '_| | '_ \/ _` | \ \ \ \
 \\/  ___)| |_)| | | | | || (_| |  ) ) ) )
  '  |____| .__|_| |_|_| |_\__, | / / / /
 =========|_|==============|___/=/_/_/_/

 :: Spring Boot ::                (v3.4.2)

2026-02-07T17:40:02.879+01:00  INFO 59749 --- [    Test worker] io.github.bodote.woodle.PollE2EIT        : Starting PollE2EIT using Java 21.0.9 with PID 59749 (started by bodo.te in /Users/bodo.te/dev/woodle)
2026-02-07T17:40:02.880+01:00  INFO 59749 --- [    Test worker] io.github.bodote.woodle.PollE2EIT        : No active profile set, falling back to 1 default profile: "default"
2026-02-07T17:40:03.335+01:00  INFO 59749 --- [    Test worker] o.s.b.w.embedded.tomcat.TomcatWebServer  : Tomcat initialized with port 0 (http)
2026-02-07T17:40:03.353+01:00  INFO 59749 --- [    Test worker] o.apache.catalina.core.StandardService   : Starting service [Tomcat]
2026-02-07T17:40:03.353+01:00  INFO 59749 --- [    Test worker] o.apache.catalina.core.StandardEngine    : Starting Servlet engine: [Apache Tomcat/10.1.34]
2026-02-07T17:40:03.400+01:00  INFO 59749 --- [    Test worker] o.a.c.c.C.[Tomcat].[localhost].[/]       : Initializing Spring embedded WebApplicationContext
2026-02-07T17:40:03.400+01:00  INFO 59749 --- [    Test worker] w.s.c.ServletWebServerApplicationContext : Root WebApplicationContext: initialization completed in 519 ms
2026-02-07T17:40:03.612+01:00  INFO 59749 --- [    Test worker] o.s.b.w.embedded.tomcat.TomcatWebServer  : Tomcat started on port 58257 (http) with context path '/'
2026-02-07T17:40:03.616+01:00  INFO 59749 --- [    Test worker] io.github.bodote.woodle.PollE2EIT        : Started PollE2EIT in 0.762 seconds (process running for 5.392)
2026-02-07T17:40:05.908+01:00  INFO 59749 --- [o-auto-1-exec-1] o.a.c.c.C.[Tomcat].[localhost].[/]       : Initializing Spring DispatcherServlet 'dispatcherServlet'
2026-02-07T17:40:05.909+01:00  INFO 59749 --- [o-auto-1-exec-1] o.s.web.servlet.DispatcherServlet        : Initializing Servlet 'dispatcherServlet'
2026-02-07T17:40:05.910+01:00  INFO 59749 --- [o-auto-1-exec-1] o.s.web.servlet.DispatcherServlet        : Completed initialization in 1 ms
2026-02-07T17:40:06.350+01:00  WARN 59749 --- [o-auto-1-exec-5] actStandardFragmentInsertionTagProcessor : [THYMELEAF][http-nio-auto-1-exec-5][poll/new-step2] Deprecated unwrapped fragment expression "poll/step2-event-options :: eventOptions" found in template poll/new-step2, line 41, col 33. Please use the complete syntax of fragment expressions instead ("~{poll/step2-event-options :: eventOptions}"). The old, unwrapped syntax for fragment expressions will be removed in future versions of Thymeleaf.
2026-02-07T17:40:06.491+01:00  WARN 59749 --- [o-auto-1-exec-9] actStandardFragmentInsertionTagProcessor : [THYMELEAF][http-nio-auto-1-exec-9][poll/view] Deprecated unwrapped fragment expression "poll/options-list :: optionsList" found in template poll/view, line 99, col 14. Please use the complete syntax of fragment expressions instead ("~{poll/options-list :: optionsList}"). The old, unwrapped syntax for fragment expressions will be removed in future versions of Thymeleaf.
]]></system-out>
  <system-err><![CDATA[]]></system-err>
</testsuite>
