<?xml version="1.0" encoding="UTF-8"?>
<testsuite name="/poll/submit" tests="1" skipped="0" failures="0" errors="0" timestamp="2026-02-07T16:40:09.123Z" hostname="bodos-16z" time="0.006">
  <properties/>
  <testcase name="redirects to admin URL after submit" classname="io.github.bodote.woodle.PollSubmitControllerTest" time="0.006"/>
  <system-out><![CDATA[2026-02-07T17:40:08.977+01:00  INFO 59749 --- [    Test worker] t.c.s.AnnotationConfigContextLoaderUtils : Could not detect default configuration classes for test class [io.github.bodote.woodle.PollSubmitControllerTest]: PollSubmitControllerTest does not declare any static, non-private, non-final, nested classes annotated with @Configuration.
2026-02-07T17:40:08.980+01:00  INFO 59749 --- [    Test worker] .b.t.c.SpringBootTestContextBootstrapper : Found @SpringBootConfiguration io.github.bodote.woodle.WoodleApplication for test class io.github.bodote.woodle.PollSubmitControllerTest

  .   ____          _            __ _ _
 /\\ / ___'_ __ _ _(_)_ __  __ _ \ \ \ \
( ( )\___ | '_ | '_| | '_ \/ _` | \ \ \ \
 \\/  ___)| |_)| | | | | || (_| |  ) ) ) )
  '  |____| .__|_| |_|_| |_\__, | / / / /
 =========|_|==============|___/=/_/_/_/

 :: Spring Boot ::                (v3.4.2)

2026-02-07T17:40:08.991+01:00  INFO 59749 --- [    Test worker] i.g.b.woodle.PollSubmitControllerTest    : Starting PollSubmitControllerTest using Java 21.0.9 with PID 59749 (started by bodo.te in /Users/bodo.te/dev/woodle)
2026-02-07T17:40:08.992+01:00  INFO 59749 --- [    Test worker] i.g.b.woodle.PollSubmitControllerTest    : No active profile set, falling back to 1 default profile: "default"
2026-02-07T17:40:09.117+01:00  INFO 59749 --- [    Test worker] o.s.b.t.m.w.SpringBootMockServletContext : Initializing Spring TestDispatcherServlet ''
2026-02-07T17:40:09.118+01:00  INFO 59749 --- [    Test worker] o.s.t.web.servlet.TestDispatcherServlet  : Initializing Servlet ''
2026-02-07T17:40:09.118+01:00  INFO 59749 --- [    Test worker] o.s.t.web.servlet.TestDispatcherServlet  : Completed initialization in 0 ms
2026-02-07T17:40:09.122+01:00  INFO 59749 --- [    Test worker] i.g.b.woodle.PollSubmitControllerTest    : Started PollSubmitControllerTest in 0.14 seconds (process running for 10.898)
]]></system-out>
  <system-err><![CDATA[]]></system-err>
</testsuite>
