<?xml version="1.0" encoding="UTF-8"?>
<testsuite name="SubmitVoteService" tests="2" skipped="0" failures="0" errors="0" timestamp="2026-02-07T16:40:09.885Z" hostname="bodos-16z" time="0.002">
  <properties/>
  <testcase name="updates existing response when responseId is provided" classname="io.github.bodote.woodle.SubmitVoteServiceTest" time="0.001"/>
  <testcase name="adds response to poll" classname="io.github.bodote.woodle.SubmitVoteServiceTest" time="0.001"/>
  <system-out><![CDATA[]]></system-out>
  <system-err><![CDATA[]]></system-err>
</testsuite>
