<?xml version="1.0" encoding="UTF-8"?>
<testsuite name="/poll/step-3" tests="2" skipped="0" failures="0" errors="0" timestamp="2026-02-07T16:40:08.965Z" hostname="bodos-16z" time="0.01">
  <properties/>
  <testcase name="renders intraday summary with start times" classname="io.github.bodote.woodle.PollStep3PageTest" time="0.006"/>
  <testcase name="renders summary from session state" classname="io.github.bodote.woodle.PollStep3PageTest" time="0.004"/>
  <system-out><![CDATA[2026-02-07T17:40:08.958+01:00  INFO 59749 --- [    Test worker] t.c.s.AnnotationConfigContextLoaderUtils : Could not detect default configuration classes for test class [io.github.bodote.woodle.PollStep3PageTest]: PollStep3PageTest does not declare any static, non-private, non-final, nested classes annotated with @Configuration.
2026-02-07T17:40:08.964+01:00  INFO 59749 --- [    Test worker] .b.t.c.SpringBootTestContextBootstrapper : Found @SpringBootConfiguration io.github.bodote.woodle.WoodleApplication for test class io.github.bodote.woodle.PollStep3PageTest
]]></system-out>
  <system-err><![CDATA[]]></system-err>
</testsuite>
