<?xml version="1.0" encoding="UTF-8"?>
<testsuite name="/poll/{id}/vote" tests="4" skipped="0" failures="0" errors="0" timestamp="2026-02-07T16:40:09.311Z" hostname="bodos-16z" time="0.026">
  <properties/>
  <testcase name="submits votes and redirects" classname="io.github.bodote.woodle.PollVoteControllerTest" time="0.004"/>
  <testcase name="accepts vote_edit parameters with response id" classname="io.github.bodote.woodle.PollVoteControllerTest" time="0.006"/>
  <testcase name="renders updated row for htmx edit submit" classname="io.github.bodote.woodle.PollVoteControllerTest" time="0.011"/>
  <testcase name="accepts vote_new parameters from participant table" classname="io.github.bodote.woodle.PollVoteControllerTest" time="0.003"/>
  <system-out><![CDATA[2026-02-07T17:40:09.169+01:00  INFO 59749 --- [    Test worker] t.c.s.AnnotationConfigContextLoaderUtils : Could not detect default configuration classes for test class [io.github.bodote.woodle.PollVoteControllerTest]: PollVoteControllerTest does not declare any static, non-private, non-final, nested classes annotated with @Configuration.
2026-02-07T17:40:09.172+01:00  INFO 59749 --- [    Test worker] .b.t.c.SpringBootTestContextBootstrapper : Found @SpringBootConfiguration io.github.bodote.woodle.WoodleApplication for test class io.github.bodote.woodle.PollVoteControllerTest

  .   ____          _            __ _ _
 /\\ / ___'_ __ _ _(_)_ __  __ _ \ \ \ \
( ( )\___ | '_ | '_| | '_ \/ _` | \ \ \ \
 \\/  ___)| |_)| | | | | || (_| |  ) ) ) )
  '  |____| .__|_| |_|_| |_\__, | / / / /
 =========|_|==============|___/=/_/_/_/

 :: Spring Boot ::                (v3.4.2)

2026-02-07T17:40:09.182+01:00  INFO 59749 --- [    Test worker] i.g.b.woodle.PollVoteControllerTest      : Starting PollVoteControllerTest using Java 21.0.9 with PID 59749 (started by bodo.te in /Users/bodo.te/dev/woodle)
2026-02-07T17:40:09.182+01:00  INFO 59749 --- [    Test worker] i.g.b.woodle.PollVoteControllerTest      : No active profile set, falling back to 1 default profile: "default"
2026-02-07T17:40:09.306+01:00  INFO 59749 --- [    Test worker] o.s.b.t.m.w.SpringBootMockServletContext : Initializing Spring TestDispatcherServlet ''
2026-02-07T17:40:09.306+01:00  INFO 59749 --- [    Test worker] o.s.t.web.servlet.TestDispatcherServlet  : Initializing Servlet ''
2026-02-07T17:40:09.307+01:00  INFO 59749 --- [    Test worker] o.s.t.web.servlet.TestDispatcherServlet  : Completed initialization in 1 ms
2026-02-07T17:40:09.310+01:00  INFO 59749 --- [    Test worker] i.g.b.woodle.PollVoteControllerTest      : Started PollVoteControllerTest in 0.137 seconds (process running for 11.087)
]]></system-out>
  <system-err><![CDATA[]]></system-err>
</testsuite>
